<?xml version="1.0" encoding="UTF-8"?>
<!-- Generated by org.testng.reporters.JUnitXMLReporter -->
<testsuite ignored="1" hostname="Rameshs-MacBook-Air.local" failures="0" tests="1" name="Default test" time="15.042" errors="0" timestamp="2025-03-17T21:26:05 EDT">
  <testcase classname="RameshSwarnkar.Test.googleSearchTest" name="clickOnLinks" time="10.036"/>
  <testcase classname="RameshSwarnkar.Test.googleSearchTest" name="searchResultsTest" time="0.0">
    <ignored/>
  </testcase> <!-- searchResultsTest -->
</testsuite> <!-- Default test -->
