<?xml version="1.0" encoding="UTF-8"?>
<!-- Generated by org.testng.reporters.JUnitXMLReporter -->
<testsuite ignored="1" hostname="Rameshs-MacBook-Air.local" failures="0" tests="1" name="Test" time="16.366" errors="0" timestamp="2025-03-17T22:01:14 EDT">
  <testcase classname="RameshSwarnkar.Test.googleSearchTest" name="searchResultsTest" time="4.989"/>
  <testcase classname="RameshSwarnkar.Test.googleSearchTest" name="clickOnLinks" time="0.0">
    <ignored/>
  </testcase> <!-- clickOnLinks -->
</testsuite> <!-- Test -->
