<?xml version="1.0" encoding="UTF-8"?>
<testsuite xmlns:xsi="http://www.w3.org/2001/XMLSchema-instance" xsi:noNamespaceSchemaLocation="https://maven.apache.org/surefire/maven-surefire-plugin/xsd/surefire-test-report.xsd" version="3.0.2" name="TestSuite" time="37.804" tests="2" errors="0" skipped="0" failures="0">
  <properties>
[...]
</properties>
  <testcase name="clickOnLinks" classname="RameshSwarnkar.Test.googleSearchTest" time="12.544">
    <system-out><![CDATA[9
jai shree krishna - Yahoo Search Results
jai shree krishna songs - Yahoo Search Results
jai shree krishna in hindi text - Yahoo Search Results
jai shree krishna colors - Yahoo Search Results
jai shree krishna chaitanya prabhu nityananda - Yahoo Search Results
jai shree krishna images - Yahoo Search Results
jai shree krishna serial on colors - Yahoo Search Results
jai shree krishna radhe radhe - Yahoo Search Results
jai shree krishna meaning - Yahoo Search Results
]]></system-out>
    <system-err><![CDATA[SLF4J(W): No SLF4J providers were found.
SLF4J(W): Defaulting to no-operation (NOP) logger implementation
SLF4J(W): See https://www.slf4j.org/codes.html#noProviders for further details.
Mar 19, 2025 3:50:29 PM org.openqa.selenium.devtools.CdpVersionFinder findNearestMatch
WARNING: Unable to find an exact match for CDP version 134, returning the closest version; found: 133; Please update to a Selenium version that supports CDP version 134
]]></system-err>
  </testcase>
  <testcase name="searchResultsTest" classname="RameshSwarnkar.Test.googleSearchTest" time="3.379">
    <system-out><![CDATA[8
jai shree krishna images
jai shree krishna radhe radhe
jai shree krishna chaitanya prabhu nityananda
jai shree krishna colors
jai shree krishna in hindi text
jai shree krishna songs
jai shree krishna meaning
jai shree krishna serial on colors
]]></system-out>
    <system-err><![CDATA[Mar 19, 2025 3:50:45 PM org.openqa.selenium.devtools.CdpVersionFinder findNearestMatch
WARNING: Unable to find an exact match for CDP version 134, returning the closest version; found: 133; Please update to a Selenium version that supports CDP version 134
]]></system-err>
  </testcase>
</testsuite>