<?xml version="1.0" encoding="UTF-8"?>
<testng-results ignored="0" total="1" passed="1" failed="0" skipped="0">
  <reporter-output>
  </reporter-output>
  <suite started-at="2025-03-16T19:25:13 EDT" name="Suite" finished-at="2025-03-16T19:25:24 EDT" duration-ms="10560">
    <groups>
    </groups>
    <test started-at="2025-03-16T19:25:13 EDT" name="Test" finished-at="2025-03-16T19:25:24 EDT" duration-ms="10560">
      <class name="RameshSwarnkar.Test.googleSearchTest">
        <test-method is-config="true" signature="initializeDriver()[pri:0, instance:RameshSwarnkar.Test.googleSearchTest@514646ef]" started-at="2025-03-16T19:25:13 EDT" name="initializeDriver" finished-at="2025-03-16T19:25:19 EDT" duration-ms="6139" status="PASS">
          <reporter-output>
          </reporter-output>
        </test-method> <!-- initializeDriver -->
        <test-method signature="searchResultsTest()[pri:0, instance:RameshSwarnkar.Test.googleSearchTest@514646ef]" started-at="2025-03-16T19:25:19 EDT" name="searchResultsTest" finished-at="2025-03-16T19:25:23 EDT" duration-ms="3483" status="PASS">
          <reporter-output>
          </reporter-output>
        </test-method> <!-- searchResultsTest -->
        <test-method is-config="true" signature="tearDown()[pri:0, instance:RameshSwarnkar.Test.googleSearchTest@514646ef]" started-at="2025-03-16T19:25:23 EDT" name="tearDown" finished-at="2025-03-16T19:25:24 EDT" duration-ms="285" status="PASS">
          <reporter-output>
          </reporter-output>
        </test-method> <!-- tearDown -->
      </class> <!-- RameshSwarnkar.Test.googleSearchTest -->
    </test> <!-- Test -->
  </suite> <!-- Suite -->
</testng-results>
