<?xml version="1.0" encoding="UTF-8"?>
<testng-results ignored="0" total="2" passed="2" failed="0" skipped="0">
  <reporter-output>
  </reporter-output>
  <suite started-at="2025-03-19T15:50:16 EDT" name="Suite" finished-at="2025-03-19T15:50:49 EDT" duration-ms="33803">
    <groups>
    </groups>
    <test started-at="2025-03-19T15:50:16 EDT" name="Test" finished-at="2025-03-19T15:50:49 EDT" duration-ms="33803">
      <class name="RameshSwarnkar.Test.googleSearchTest">
        <test-method is-config="true" signature="initializeDriver()[pri:0, instance:RameshSwarnkar.Test.googleSearchTest@305ffe9e]" started-at="2025-03-19T15:50:16 EDT" name="initializeDriver" finished-at="2025-03-19T15:50:29 EDT" duration-ms="13697" status="PASS">
          <reporter-output>
          </reporter-output>
        </test-method> <!-- initializeDriver -->
        <test-method signature="clickOnLinks()[pri:0, instance:RameshSwarnkar.Test.googleSearchTest@305ffe9e]" started-at="2025-03-19T15:50:29 EDT" name="clickOnLinks" finished-at="2025-03-19T15:50:41 EDT" duration-ms="12126" status="PASS">
          <reporter-output>
          </reporter-output>
        </test-method> <!-- clickOnLinks -->
        <test-method is-config="true" signature="tearDown()[pri:0, instance:RameshSwarnkar.Test.googleSearchTest@305ffe9e]" started-at="2025-03-19T15:50:42 EDT" name="tearDown" finished-at="2025-03-19T15:50:42 EDT" duration-ms="489" status="PASS">
          <reporter-output>
          </reporter-output>
        </test-method> <!-- tearDown -->
        <test-method is-config="true" signature="initializeDriver()[pri:0, instance:RameshSwarnkar.Test.googleSearchTest@305ffe9e]" started-at="2025-03-19T15:50:42 EDT" name="initializeDriver" finished-at="2025-03-19T15:50:46 EDT" duration-ms="3361" status="PASS">
          <reporter-output>
          </reporter-output>
        </test-method> <!-- initializeDriver -->
        <test-method signature="searchResultsTest()[pri:0, instance:RameshSwarnkar.Test.googleSearchTest@305ffe9e]" started-at="2025-03-19T15:50:46 EDT" name="searchResultsTest" finished-at="2025-03-19T15:50:49 EDT" duration-ms="3206" status="PASS">
          <reporter-output>
          </reporter-output>
        </test-method> <!-- searchResultsTest -->
        <test-method is-config="true" signature="tearDown()[pri:0, instance:RameshSwarnkar.Test.googleSearchTest@305ffe9e]" started-at="2025-03-19T15:50:49 EDT" name="tearDown" finished-at="2025-03-19T15:50:49 EDT" duration-ms="240" status="PASS">
          <reporter-output>
          </reporter-output>
        </test-method> <!-- tearDown -->
      </class> <!-- RameshSwarnkar.Test.googleSearchTest -->
    </test> <!-- Test -->
  </suite> <!-- Suite -->
</testng-results>
