<?xml version="1.0" encoding="UTF-8"?>
<testng-results ignored="1" total="2" passed="1" failed="0" skipped="0">
  <reporter-output>
  </reporter-output>
  <suite started-at="2025-03-17T22:00:57 EDT" name="Suite" finished-at="2025-03-17T22:01:13 EDT" duration-ms="16366">
    <groups>
    </groups>
    <test started-at="2025-03-17T22:00:57 EDT" name="Test" finished-at="2025-03-17T22:01:13 EDT" duration-ms="16366">
      <class name="RameshSwarnkar.Test.googleSearchTest">
        <test-method is-config="true" signature="initializeDriver()[pri:0, instance:RameshSwarnkar.Test.googleSearchTest@13526e59]" started-at="2025-03-17T22:00:57 EDT" name="initializeDriver" finished-at="2025-03-17T22:01:07 EDT" duration-ms="10659" status="PASS">
          <reporter-output>
          </reporter-output>
        </test-method> <!-- initializeDriver -->
        <test-method signature="searchResultsTest()[pri:0, instance:RameshSwarnkar.Test.googleSearchTest@13526e59]" started-at="2025-03-17T22:01:07 EDT" name="searchResultsTest" finished-at="2025-03-17T22:01:12 EDT" duration-ms="4989" status="PASS">
          <reporter-output>
          </reporter-output>
        </test-method> <!-- searchResultsTest -->
        <test-method is-config="true" signature="tearDown()[pri:0, instance:RameshSwarnkar.Test.googleSearchTest@13526e59]" started-at="2025-03-17T22:01:13 EDT" name="tearDown" finished-at="2025-03-17T22:01:13 EDT" duration-ms="310" status="PASS">
          <reporter-output>
          </reporter-output>
        </test-method> <!-- tearDown -->
      </class> <!-- RameshSwarnkar.Test.googleSearchTest -->
    </test> <!-- Test -->
  </suite> <!-- Suite -->
</testng-results>
